2025-10-22 16:05:30,934 - INFO - ANÁLISE COMPLETA SPARC - 12 GALÁXIAS (OTIMIZADO)
2025-10-22 16:05:30,936 - INFO - Início: 2025-10-22 16:05:30
2025-10-22 16:05:31,003 - INFO - 
================================================================================
2025-10-22 16:05:31,004 - INFO - ================================================================================
2025-10-22 16:05:40,083 - INFO - 
================================================================================
2025-10-22 16:05:40,105 - INFO - ================================================================================
2025-10-22 16:05:48,770 - INFO - 
================================================================================
2025-10-22 16:05:48,772 - INFO - ================================================================================
2025-10-22 16:05:55,620 - INFO - 
================================================================================
2025-10-22 16:05:55,622 - INFO - ================================================================================
2025-10-22 16:06:02,118 - WARNING - Too few points to create valid contours
2025-10-22 16:06:04,297 - INFO - 
================================================================================
2025-10-22 16:06:04,299 - INFO - ================================================================================
2025-10-22 16:06:13,157 - INFO - 
================================================================================
2025-10-22 16:06:13,164 - INFO - ================================================================================
2025-10-22 16:06:21,577 - INFO - 
================================================================================
2025-10-22 16:06:21,579 - INFO - ================================================================================
2025-10-22 16:06:32,217 - INFO - 
================================================================================
2025-10-22 16:06:32,218 - INFO - ================================================================================
2025-10-22 16:06:41,013 - INFO - 
================================================================================
2025-10-22 16:06:41,015 - INFO - ================================================================================
2025-10-22 16:06:48,214 - INFO - 
================================================================================
2025-10-22 16:06:48,216 - INFO - ================================================================================
2025-10-22 16:06:55,597 - INFO - 
================================================================================
2025-10-22 16:06:55,599 - INFO - ================================================================================
2025-10-22 16:07:05,896 - INFO - 
================================================================================
2025-10-22 16:07:05,899 - INFO - ================================================================================
